The system is: Linux - 2.6.32-431.el6.x86_64 - x86_64
Compiling the C compiler identification source file "CMakeCCompilerId.c" succeeded.
Compiler: /usr/local/gcc/bin/gcc 
Build flags: 
Id flags: 

The output was:
0


Compilation of the C compiler identification source "CMakeCCompilerId.c" produced "a.out"

The C compiler identification is GNU, found in "/root/Desktop/framework/CMakeFiles/3.4.0/CompilerIdC/a.out"

Compiling the CXX compiler identification source file "CMakeCXXCompilerId.cpp" succeeded.
Compiler: /usr/local/gcc/bin/g++ 
Build flags: ;-lstdc++;-lrt;-lpthread;-ldl;-std=c++11
Id flags: 

The output was:
0


Compilation of the CXX compiler identification source "CMakeCXXCompilerId.cpp" produced "a.out"

The CXX compiler identification is GNU, found in "/root/Desktop/framework/CMakeFiles/3.4.0/CompilerIdCXX/a.out"

Determining if the C compiler works passed with the following output:
Change Dir: /root/Desktop/framework/CMakeFiles/CMakeTmp

Run Build Command:"/usr/bin/gmake" "cmTC_1174f/fast"
/usr/bin/gmake -f CMakeFiles/cmTC_1174f.dir/build.make CMakeFiles/cmTC_1174f.dir/build
gmake[1]: Entering directory `/root/Desktop/framework/CMakeFiles/CMakeTmp'
Building C object CMakeFiles/cmTC_1174f.dir/testCCompiler.c.o
/usr/local/gcc/bin/gcc     -o CMakeFiles/cmTC_1174f.dir/testCCompiler.c.o   -c /root/Desktop/framework/CMakeFiles/CMakeTmp/testCCompiler.c
Linking C executable cmTC_1174f
/usr/local/bin/cmake -E cmake_link_script CMakeFiles/cmTC_1174f.dir/link.txt --verbose=1
/usr/local/gcc/bin/gcc       CMakeFiles/cmTC_1174f.dir/testCCompiler.c.o  -o cmTC_1174f -rdynamic 
gmake[1]: Leaving directory `/root/Desktop/framework/CMakeFiles/CMakeTmp'


Detecting C compiler ABI info compiled with the following output:
Change Dir: /root/Desktop/framework/CMakeFiles/CMakeTmp

Run Build Command:"/usr/bin/gmake" "cmTC_c1045/fast"
/usr/bin/gmake -f CMakeFiles/cmTC_c1045.dir/build.make CMakeFiles/cmTC_c1045.dir/build
gmake[1]: Entering directory `/root/Desktop/framework/CMakeFiles/CMakeTmp'
Building C object CMakeFiles/cmTC_c1045.dir/CMakeCCompilerABI.c.o
/usr/local/gcc/bin/gcc     -o CMakeFiles/cmTC_c1045.dir/CMakeCCompilerABI.c.o   -c /usr/local/share/cmake-3.4/Modules/CMakeCCompilerABI.c
Linking C executable cmTC_c1045
/usr/local/bin/cmake -E cmake_link_script CMakeFiles/cmTC_c1045.dir/link.txt --verbose=1
/usr/local/gcc/bin/gcc      -v CMakeFiles/cmTC_c1045.dir/CMakeCCompilerABI.c.o  -o cmTC_c1045 -rdynamic  
Using built-in specs.
COLLECT_GCC=/usr/local/gcc/bin/gcc
COLLECT_LTO_WRAPPER=/usr/local/gcc/libexec/gcc/x86_64-unknown-linux-gnu/4.8.0/lto-wrapper
Target: x86_64-unknown-linux-gnu
Configured with: ./configure --prefix=/usr/local/gcc -enable-threads=posix -disable-checking -disable-multilib -enable-languages=c,c++ -with-gmp=/usr/local/gmp -with-mpfr=/usr/local/mpfr/ -with-mpc=/usr/local/mpc/
Thread model: posix
gcc version 4.8.0 (GCC) 
COMPILER_PATH=/usr/local/gcc/libexec/gcc/x86_64-unknown-linux-gnu/4.8.0/:/usr/local/gcc/libexec/gcc/x86_64-unknown-linux-gnu/4.8.0/:/usr/local/gcc/libexec/gcc/x86_64-unknown-linux-gnu/:/usr/local/gcc/lib/gcc/x86_64-unknown-linux-gnu/4.8.0/:/usr/local/gcc/lib/gcc/x86_64-unknown-linux-gnu/
LIBRARY_PATH=/usr/local/gcc/lib/gcc/x86_64-unknown-linux-gnu/4.8.0/:/usr/local/gcc/lib/gcc/x86_64-unknown-linux-gnu/4.8.0/../../../../lib64/:/lib/../lib64/:/usr/lib/../lib64/:/usr/local/gcc/lib/gcc/x86_64-unknown-linux-gnu/4.8.0/../../../:/lib/:/usr/lib/
COLLECT_GCC_OPTIONS='-v' '-o' 'cmTC_c1045' '-rdynamic' '-mtune=generic' '-march=x86-64'
 /usr/local/gcc/libexec/gcc/x86_64-unknown-linux-gnu/4.8.0/collect2 --eh-frame-hdr -m elf_x86_64 -export-dynamic -dynamic-linker /lib64/ld-linux-x86-64.so.2 -o cmTC_c1045 /usr/lib/../lib64/crt1.o /usr/lib/../lib64/crti.o /usr/local/gcc/lib/gcc/x86_64-unknown-linux-gnu/4.8.0/crtbegin.o -L/usr/local/gcc/lib/gcc/x86_64-unknown-linux-gnu/4.8.0 -L/usr/local/gcc/lib/gcc/x86_64-unknown-linux-gnu/4.8.0/../../../../lib64 -L/lib/../lib64 -L/usr/lib/../lib64 -L/usr/local/gcc/lib/gcc/x86_64-unknown-linux-gnu/4.8.0/../../.. CMakeFiles/cmTC_c1045.dir/CMakeCCompilerABI.c.o -lgcc --as-needed -lgcc_s --no-as-needed -lc -lgcc --as-needed -lgcc_s --no-as-needed /usr/local/gcc/lib/gcc/x86_64-unknown-linux-gnu/4.8.0/crtend.o /usr/lib/../lib64/crtn.o
gmake[1]: Leaving directory `/root/Desktop/framework/CMakeFiles/CMakeTmp'


Parsed C implicit link information from above output:
  link line regex: [^( *|.*[/\])(ld|([^/\]+-)?ld|collect2)[^/\]*( |$)]
  ignore line: [Change Dir: /root/Desktop/framework/CMakeFiles/CMakeTmp]
  ignore line: []
  ignore line: [Run Build Command:"/usr/bin/gmake" "cmTC_c1045/fast"]
  ignore line: [/usr/bin/gmake -f CMakeFiles/cmTC_c1045.dir/build.make CMakeFiles/cmTC_c1045.dir/build]
  ignore line: [gmake[1]: Entering directory `/root/Desktop/framework/CMakeFiles/CMakeTmp']
  ignore line: [Building C object CMakeFiles/cmTC_c1045.dir/CMakeCCompilerABI.c.o]
  ignore line: [/usr/local/gcc/bin/gcc     -o CMakeFiles/cmTC_c1045.dir/CMakeCCompilerABI.c.o   -c /usr/local/share/cmake-3.4/Modules/CMakeCCompilerABI.c]
  ignore line: [Linking C executable cmTC_c1045]
  ignore line: [/usr/local/bin/cmake -E cmake_link_script CMakeFiles/cmTC_c1045.dir/link.txt --verbose=1]
  ignore line: [/usr/local/gcc/bin/gcc      -v CMakeFiles/cmTC_c1045.dir/CMakeCCompilerABI.c.o  -o cmTC_c1045 -rdynamic  ]
  ignore line: [Using built-in specs.]
  ignore line: [COLLECT_GCC=/usr/local/gcc/bin/gcc]
  ignore line: [COLLECT_LTO_WRAPPER=/usr/local/gcc/libexec/gcc/x86_64-unknown-linux-gnu/4.8.0/lto-wrapper]
  ignore line: [Target: x86_64-unknown-linux-gnu]
  ignore line: [Configured with: ./configure --prefix=/usr/local/gcc -enable-threads=posix -disable-checking -disable-multilib -enable-languages=c,c++ -with-gmp=/usr/local/gmp -with-mpfr=/usr/local/mpfr/ -with-mpc=/usr/local/mpc/]
  ignore line: [Thread model: posix]
  ignore line: [gcc version 4.8.0 (GCC) ]
  ignore line: [COMPILER_PATH=/usr/local/gcc/libexec/gcc/x86_64-unknown-linux-gnu/4.8.0/:/usr/local/gcc/libexec/gcc/x86_64-unknown-linux-gnu/4.8.0/:/usr/local/gcc/libexec/gcc/x86_64-unknown-linux-gnu/:/usr/local/gcc/lib/gcc/x86_64-unknown-linux-gnu/4.8.0/:/usr/local/gcc/lib/gcc/x86_64-unknown-linux-gnu/]
  ignore line: [LIBRARY_PATH=/usr/local/gcc/lib/gcc/x86_64-unknown-linux-gnu/4.8.0/:/usr/local/gcc/lib/gcc/x86_64-unknown-linux-gnu/4.8.0/../../../../lib64/:/lib/../lib64/:/usr/lib/../lib64/:/usr/local/gcc/lib/gcc/x86_64-unknown-linux-gnu/4.8.0/../../../:/lib/:/usr/lib/]
  ignore line: [COLLECT_GCC_OPTIONS='-v' '-o' 'cmTC_c1045' '-rdynamic' '-mtune=generic' '-march=x86-64']
  link line: [ /usr/local/gcc/libexec/gcc/x86_64-unknown-linux-gnu/4.8.0/collect2 --eh-frame-hdr -m elf_x86_64 -export-dynamic -dynamic-linker /lib64/ld-linux-x86-64.so.2 -o cmTC_c1045 /usr/lib/../lib64/crt1.o /usr/lib/../lib64/crti.o /usr/local/gcc/lib/gcc/x86_64-unknown-linux-gnu/4.8.0/crtbegin.o -L/usr/local/gcc/lib/gcc/x86_64-unknown-linux-gnu/4.8.0 -L/usr/local/gcc/lib/gcc/x86_64-unknown-linux-gnu/4.8.0/../../../../lib64 -L/lib/../lib64 -L/usr/lib/../lib64 -L/usr/local/gcc/lib/gcc/x86_64-unknown-linux-gnu/4.8.0/../../.. CMakeFiles/cmTC_c1045.dir/CMakeCCompilerABI.c.o -lgcc --as-needed -lgcc_s --no-as-needed -lc -lgcc --as-needed -lgcc_s --no-as-needed /usr/local/gcc/lib/gcc/x86_64-unknown-linux-gnu/4.8.0/crtend.o /usr/lib/../lib64/crtn.o]
    arg [/usr/local/gcc/libexec/gcc/x86_64-unknown-linux-gnu/4.8.0/collect2] ==> ignore
    arg [--eh-frame-hdr] ==> ignore
    arg [-m] ==> ignore
    arg [elf_x86_64] ==> ignore
    arg [-export-dynamic] ==> ignore
    arg [-dynamic-linker] ==> ignore
    arg [/lib64/ld-linux-x86-64.so.2] ==> ignore
    arg [-o] ==> ignore
    arg [cmTC_c1045] ==> ignore
    arg [/usr/lib/../lib64/crt1.o] ==> ignore
    arg [/usr/lib/../lib64/crti.o] ==> ignore
    arg [/usr/local/gcc/lib/gcc/x86_64-unknown-linux-gnu/4.8.0/crtbegin.o] ==> ignore
    arg [-L/usr/local/gcc/lib/gcc/x86_64-unknown-linux-gnu/4.8.0] ==> dir [/usr/local/gcc/lib/gcc/x86_64-unknown-linux-gnu/4.8.0]
    arg [-L/usr/local/gcc/lib/gcc/x86_64-unknown-linux-gnu/4.8.0/../../../../lib64] ==> dir [/usr/local/gcc/lib/gcc/x86_64-unknown-linux-gnu/4.8.0/../../../../lib64]
    arg [-L/lib/../lib64] ==> dir [/lib/../lib64]
    arg [-L/usr/lib/../lib64] ==> dir [/usr/lib/../lib64]
    arg [-L/usr/local/gcc/lib/gcc/x86_64-unknown-linux-gnu/4.8.0/../../..] ==> dir [/usr/local/gcc/lib/gcc/x86_64-unknown-linux-gnu/4.8.0/../../..]
    arg [CMakeFiles/cmTC_c1045.dir/CMakeCCompilerABI.c.o] ==> ignore
    arg [-lgcc] ==> lib [gcc]
    arg [--as-needed] ==> ignore
    arg [-lgcc_s] ==> lib [gcc_s]
    arg [--no-as-needed] ==> ignore
    arg [-lc] ==> lib [c]
    arg [-lgcc] ==> lib [gcc]
    arg [--as-needed] ==> ignore
    arg [-lgcc_s] ==> lib [gcc_s]
    arg [--no-as-needed] ==> ignore
    arg [/usr/local/gcc/lib/gcc/x86_64-unknown-linux-gnu/4.8.0/crtend.o] ==> ignore
    arg [/usr/lib/../lib64/crtn.o] ==> ignore
  remove lib [gcc]
  remove lib [gcc_s]
  remove lib [gcc]
  remove lib [gcc_s]
  collapse library dir [/usr/local/gcc/lib/gcc/x86_64-unknown-linux-gnu/4.8.0] ==> [/usr/local/gcc/lib/gcc/x86_64-unknown-linux-gnu/4.8.0]
  collapse library dir [/usr/local/gcc/lib/gcc/x86_64-unknown-linux-gnu/4.8.0/../../../../lib64] ==> [/usr/local/gcc/lib64]
  collapse library dir [/lib/../lib64] ==> [/lib64]
  collapse library dir [/usr/lib/../lib64] ==> [/usr/lib64]
  collapse library dir [/usr/local/gcc/lib/gcc/x86_64-unknown-linux-gnu/4.8.0/../../..] ==> [/usr/local/gcc/lib]
  implicit libs: [c]
  implicit dirs: [/usr/local/gcc/lib/gcc/x86_64-unknown-linux-gnu/4.8.0;/usr/local/gcc/lib64;/lib64;/usr/lib64;/usr/local/gcc/lib]
  implicit fwks: []




Detecting C [-std=c11] compiler features compiled with the following output:
Change Dir: /root/Desktop/framework/CMakeFiles/CMakeTmp

Run Build Command:"/usr/bin/gmake" "cmTC_87044/fast"
/usr/bin/gmake -f CMakeFiles/cmTC_87044.dir/build.make CMakeFiles/cmTC_87044.dir/build
gmake[1]: Entering directory `/root/Desktop/framework/CMakeFiles/CMakeTmp'
Building C object CMakeFiles/cmTC_87044.dir/feature_tests.c.o
/usr/local/gcc/bin/gcc    -std=c11 -o CMakeFiles/cmTC_87044.dir/feature_tests.c.o   -c /root/Desktop/framework/CMakeFiles/feature_tests.c
Linking C executable cmTC_87044
/usr/local/bin/cmake -E cmake_link_script CMakeFiles/cmTC_87044.dir/link.txt --verbose=1
/usr/local/gcc/bin/gcc       CMakeFiles/cmTC_87044.dir/feature_tests.c.o  -o cmTC_87044 -rdynamic 
gmake[1]: Leaving directory `/root/Desktop/framework/CMakeFiles/CMakeTmp'


    Feature record: C_FEATURE:1c_function_prototypes
    Feature record: C_FEATURE:1c_restrict
    Feature record: C_FEATURE:1c_static_assert
    Feature record: C_FEATURE:1c_variadic_macros


Detecting C [-std=c99] compiler features compiled with the following output:
Change Dir: /root/Desktop/framework/CMakeFiles/CMakeTmp

Run Build Command:"/usr/bin/gmake" "cmTC_19379/fast"
/usr/bin/gmake -f CMakeFiles/cmTC_19379.dir/build.make CMakeFiles/cmTC_19379.dir/build
gmake[1]: Entering directory `/root/Desktop/framework/CMakeFiles/CMakeTmp'
Building C object CMakeFiles/cmTC_19379.dir/feature_tests.c.o
/usr/local/gcc/bin/gcc    -std=c99 -o CMakeFiles/cmTC_19379.dir/feature_tests.c.o   -c /root/Desktop/framework/CMakeFiles/feature_tests.c
Linking C executable cmTC_19379
/usr/local/bin/cmake -E cmake_link_script CMakeFiles/cmTC_19379.dir/link.txt --verbose=1
/usr/local/gcc/bin/gcc       CMakeFiles/cmTC_19379.dir/feature_tests.c.o  -o cmTC_19379 -rdynamic 
gmake[1]: Leaving directory `/root/Desktop/framework/CMakeFiles/CMakeTmp'


    Feature record: C_FEATURE:1c_function_prototypes
    Feature record: C_FEATURE:1c_restrict
    Feature record: C_FEATURE:0c_static_assert
    Feature record: C_FEATURE:1c_variadic_macros


Detecting C [-std=c90] compiler features compiled with the following output:
Change Dir: /root/Desktop/framework/CMakeFiles/CMakeTmp

Run Build Command:"/usr/bin/gmake" "cmTC_41686/fast"
/usr/bin/gmake -f CMakeFiles/cmTC_41686.dir/build.make CMakeFiles/cmTC_41686.dir/build
gmake[1]: Entering directory `/root/Desktop/framework/CMakeFiles/CMakeTmp'
Building C object CMakeFiles/cmTC_41686.dir/feature_tests.c.o
/usr/local/gcc/bin/gcc    -std=c90 -o CMakeFiles/cmTC_41686.dir/feature_tests.c.o   -c /root/Desktop/framework/CMakeFiles/feature_tests.c
Linking C executable cmTC_41686
/usr/local/bin/cmake -E cmake_link_script CMakeFiles/cmTC_41686.dir/link.txt --verbose=1
/usr/local/gcc/bin/gcc       CMakeFiles/cmTC_41686.dir/feature_tests.c.o  -o cmTC_41686 -rdynamic 
gmake[1]: Leaving directory `/root/Desktop/framework/CMakeFiles/CMakeTmp'


    Feature record: C_FEATURE:1c_function_prototypes
    Feature record: C_FEATURE:0c_restrict
    Feature record: C_FEATURE:0c_static_assert
    Feature record: C_FEATURE:0c_variadic_macros
Determining if the CXX compiler works passed with the following output:
Change Dir: /root/Desktop/framework/CMakeFiles/CMakeTmp

Run Build Command:"/usr/bin/gmake" "cmTC_1308a/fast"
/usr/bin/gmake -f CMakeFiles/cmTC_1308a.dir/build.make CMakeFiles/cmTC_1308a.dir/build
gmake[1]: Entering directory `/root/Desktop/framework/CMakeFiles/CMakeTmp'
Building CXX object CMakeFiles/cmTC_1308a.dir/testCXXCompiler.cxx.o
/usr/local/gcc/bin/g++      -o CMakeFiles/cmTC_1308a.dir/testCXXCompiler.cxx.o -c /root/Desktop/framework/CMakeFiles/CMakeTmp/testCXXCompiler.cxx
Linking CXX executable cmTC_1308a
/usr/local/bin/cmake -E cmake_link_script CMakeFiles/cmTC_1308a.dir/link.txt --verbose=1
/usr/local/gcc/bin/g++        CMakeFiles/cmTC_1308a.dir/testCXXCompiler.cxx.o  -o cmTC_1308a -rdynamic 
gmake[1]: Leaving directory `/root/Desktop/framework/CMakeFiles/CMakeTmp'


Detecting CXX compiler ABI info compiled with the following output:
Change Dir: /root/Desktop/framework/CMakeFiles/CMakeTmp

Run Build Command:"/usr/bin/gmake" "cmTC_24dac/fast"
/usr/bin/gmake -f CMakeFiles/cmTC_24dac.dir/build.make CMakeFiles/cmTC_24dac.dir/build
gmake[1]: Entering directory `/root/Desktop/framework/CMakeFiles/CMakeTmp'
Building CXX object CMakeFiles/cmTC_24dac.dir/CMakeCXXCompilerABI.cpp.o
/usr/local/gcc/bin/g++      -o CMakeFiles/cmTC_24dac.dir/CMakeCXXCompilerABI.cpp.o -c /usr/local/share/cmake-3.4/Modules/CMakeCXXCompilerABI.cpp
Linking CXX executable cmTC_24dac
/usr/local/bin/cmake -E cmake_link_script CMakeFiles/cmTC_24dac.dir/link.txt --verbose=1
/usr/local/gcc/bin/g++       -v CMakeFiles/cmTC_24dac.dir/CMakeCXXCompilerABI.cpp.o  -o cmTC_24dac -rdynamic  
Using built-in specs.
COLLECT_GCC=/usr/local/gcc/bin/g++
COLLECT_LTO_WRAPPER=/usr/local/gcc/libexec/gcc/x86_64-unknown-linux-gnu/4.8.0/lto-wrapper
Target: x86_64-unknown-linux-gnu
Configured with: ./configure --prefix=/usr/local/gcc -enable-threads=posix -disable-checking -disable-multilib -enable-languages=c,c++ -with-gmp=/usr/local/gmp -with-mpfr=/usr/local/mpfr/ -with-mpc=/usr/local/mpc/
Thread model: posix
gcc version 4.8.0 (GCC) 
COMPILER_PATH=/usr/local/gcc/libexec/gcc/x86_64-unknown-linux-gnu/4.8.0/:/usr/local/gcc/libexec/gcc/x86_64-unknown-linux-gnu/4.8.0/:/usr/local/gcc/libexec/gcc/x86_64-unknown-linux-gnu/:/usr/local/gcc/lib/gcc/x86_64-unknown-linux-gnu/4.8.0/:/usr/local/gcc/lib/gcc/x86_64-unknown-linux-gnu/
LIBRARY_PATH=/usr/local/gcc/lib/gcc/x86_64-unknown-linux-gnu/4.8.0/:/usr/local/gcc/lib/gcc/x86_64-unknown-linux-gnu/4.8.0/../../../../lib64/:/lib/../lib64/:/usr/lib/../lib64/:/usr/local/gcc/lib/gcc/x86_64-unknown-linux-gnu/4.8.0/../../../:/lib/:/usr/lib/
COLLECT_GCC_OPTIONS='-v' '-o' 'cmTC_24dac' '-rdynamic' '-mtune=generic' '-march=x86-64'
 /usr/local/gcc/libexec/gcc/x86_64-unknown-linux-gnu/4.8.0/collect2 --eh-frame-hdr -m elf_x86_64 -export-dynamic -dynamic-linker /lib64/ld-linux-x86-64.so.2 -o cmTC_24dac /usr/lib/../lib64/crt1.o /usr/lib/../lib64/crti.o /usr/local/gcc/lib/gcc/x86_64-unknown-linux-gnu/4.8.0/crtbegin.o -L/usr/local/gcc/lib/gcc/x86_64-unknown-linux-gnu/4.8.0 -L/usr/local/gcc/lib/gcc/x86_64-unknown-linux-gnu/4.8.0/../../../../lib64 -L/lib/../lib64 -L/usr/lib/../lib64 -L/usr/local/gcc/lib/gcc/x86_64-unknown-linux-gnu/4.8.0/../../.. CMakeFiles/cmTC_24dac.dir/CMakeCXXCompilerABI.cpp.o -lgcc --as-needed -lgcc_s --no-as-needed -lc -lgcc --as-needed -lgcc_s --no-as-needed /usr/local/gcc/lib/gcc/x86_64-unknown-linux-gnu/4.8.0/crtend.o /usr/lib/../lib64/crtn.o
gmake[1]: Leaving directory `/root/Desktop/framework/CMakeFiles/CMakeTmp'


Parsed CXX implicit link information from above output:
  link line regex: [^( *|.*[/\])(ld|([^/\]+-)?ld|collect2)[^/\]*( |$)]
  ignore line: [Change Dir: /root/Desktop/framework/CMakeFiles/CMakeTmp]
  ignore line: []
  ignore line: [Run Build Command:"/usr/bin/gmake" "cmTC_24dac/fast"]
  ignore line: [/usr/bin/gmake -f CMakeFiles/cmTC_24dac.dir/build.make CMakeFiles/cmTC_24dac.dir/build]
  ignore line: [gmake[1]: Entering directory `/root/Desktop/framework/CMakeFiles/CMakeTmp']
  ignore line: [Building CXX object CMakeFiles/cmTC_24dac.dir/CMakeCXXCompilerABI.cpp.o]
  ignore line: [/usr/local/gcc/bin/g++      -o CMakeFiles/cmTC_24dac.dir/CMakeCXXCompilerABI.cpp.o -c /usr/local/share/cmake-3.4/Modules/CMakeCXXCompilerABI.cpp]
  ignore line: [Linking CXX executable cmTC_24dac]
  ignore line: [/usr/local/bin/cmake -E cmake_link_script CMakeFiles/cmTC_24dac.dir/link.txt --verbose=1]
  ignore line: [/usr/local/gcc/bin/g++       -v CMakeFiles/cmTC_24dac.dir/CMakeCXXCompilerABI.cpp.o  -o cmTC_24dac -rdynamic  ]
  ignore line: [Using built-in specs.]
  ignore line: [COLLECT_GCC=/usr/local/gcc/bin/g++]
  ignore line: [COLLECT_LTO_WRAPPER=/usr/local/gcc/libexec/gcc/x86_64-unknown-linux-gnu/4.8.0/lto-wrapper]
  ignore line: [Target: x86_64-unknown-linux-gnu]
  ignore line: [Configured with: ./configure --prefix=/usr/local/gcc -enable-threads=posix -disable-checking -disable-multilib -enable-languages=c,c++ -with-gmp=/usr/local/gmp -with-mpfr=/usr/local/mpfr/ -with-mpc=/usr/local/mpc/]
  ignore line: [Thread model: posix]
  ignore line: [gcc version 4.8.0 (GCC) ]
  ignore line: [COMPILER_PATH=/usr/local/gcc/libexec/gcc/x86_64-unknown-linux-gnu/4.8.0/:/usr/local/gcc/libexec/gcc/x86_64-unknown-linux-gnu/4.8.0/:/usr/local/gcc/libexec/gcc/x86_64-unknown-linux-gnu/:/usr/local/gcc/lib/gcc/x86_64-unknown-linux-gnu/4.8.0/:/usr/local/gcc/lib/gcc/x86_64-unknown-linux-gnu/]
  ignore line: [LIBRARY_PATH=/usr/local/gcc/lib/gcc/x86_64-unknown-linux-gnu/4.8.0/:/usr/local/gcc/lib/gcc/x86_64-unknown-linux-gnu/4.8.0/../../../../lib64/:/lib/../lib64/:/usr/lib/../lib64/:/usr/local/gcc/lib/gcc/x86_64-unknown-linux-gnu/4.8.0/../../../:/lib/:/usr/lib/]
  ignore line: [COLLECT_GCC_OPTIONS='-v' '-o' 'cmTC_24dac' '-rdynamic' '-mtune=generic' '-march=x86-64']
  link line: [ /usr/local/gcc/libexec/gcc/x86_64-unknown-linux-gnu/4.8.0/collect2 --eh-frame-hdr -m elf_x86_64 -export-dynamic -dynamic-linker /lib64/ld-linux-x86-64.so.2 -o cmTC_24dac /usr/lib/../lib64/crt1.o /usr/lib/../lib64/crti.o /usr/local/gcc/lib/gcc/x86_64-unknown-linux-gnu/4.8.0/crtbegin.o -L/usr/local/gcc/lib/gcc/x86_64-unknown-linux-gnu/4.8.0 -L/usr/local/gcc/lib/gcc/x86_64-unknown-linux-gnu/4.8.0/../../../../lib64 -L/lib/../lib64 -L/usr/lib/../lib64 -L/usr/local/gcc/lib/gcc/x86_64-unknown-linux-gnu/4.8.0/../../.. CMakeFiles/cmTC_24dac.dir/CMakeCXXCompilerABI.cpp.o -lgcc --as-needed -lgcc_s --no-as-needed -lc -lgcc --as-needed -lgcc_s --no-as-needed /usr/local/gcc/lib/gcc/x86_64-unknown-linux-gnu/4.8.0/crtend.o /usr/lib/../lib64/crtn.o]
    arg [/usr/local/gcc/libexec/gcc/x86_64-unknown-linux-gnu/4.8.0/collect2] ==> ignore
    arg [--eh-frame-hdr] ==> ignore
    arg [-m] ==> ignore
    arg [elf_x86_64] ==> ignore
    arg [-export-dynamic] ==> ignore
    arg [-dynamic-linker] ==> ignore
    arg [/lib64/ld-linux-x86-64.so.2] ==> ignore
    arg [-o] ==> ignore
    arg [cmTC_24dac] ==> ignore
    arg [/usr/lib/../lib64/crt1.o] ==> ignore
    arg [/usr/lib/../lib64/crti.o] ==> ignore
    arg [/usr/local/gcc/lib/gcc/x86_64-unknown-linux-gnu/4.8.0/crtbegin.o] ==> ignore
    arg [-L/usr/local/gcc/lib/gcc/x86_64-unknown-linux-gnu/4.8.0] ==> dir [/usr/local/gcc/lib/gcc/x86_64-unknown-linux-gnu/4.8.0]
    arg [-L/usr/local/gcc/lib/gcc/x86_64-unknown-linux-gnu/4.8.0/../../../../lib64] ==> dir [/usr/local/gcc/lib/gcc/x86_64-unknown-linux-gnu/4.8.0/../../../../lib64]
    arg [-L/lib/../lib64] ==> dir [/lib/../lib64]
    arg [-L/usr/lib/../lib64] ==> dir [/usr/lib/../lib64]
    arg [-L/usr/local/gcc/lib/gcc/x86_64-unknown-linux-gnu/4.8.0/../../..] ==> dir [/usr/local/gcc/lib/gcc/x86_64-unknown-linux-gnu/4.8.0/../../..]
    arg [CMakeFiles/cmTC_24dac.dir/CMakeCXXCompilerABI.cpp.o] ==> ignore
    arg [-lgcc] ==> lib [gcc]
    arg [--as-needed] ==> ignore
    arg [-lgcc_s] ==> lib [gcc_s]
    arg [--no-as-needed] ==> ignore
    arg [-lc] ==> lib [c]
    arg [-lgcc] ==> lib [gcc]
    arg [--as-needed] ==> ignore
    arg [-lgcc_s] ==> lib [gcc_s]
    arg [--no-as-needed] ==> ignore
    arg [/usr/local/gcc/lib/gcc/x86_64-unknown-linux-gnu/4.8.0/crtend.o] ==> ignore
    arg [/usr/lib/../lib64/crtn.o] ==> ignore
  remove lib [gcc]
  remove lib [gcc_s]
  remove lib [gcc]
  remove lib [gcc_s]
  collapse library dir [/usr/local/gcc/lib/gcc/x86_64-unknown-linux-gnu/4.8.0] ==> [/usr/local/gcc/lib/gcc/x86_64-unknown-linux-gnu/4.8.0]
  collapse library dir [/usr/local/gcc/lib/gcc/x86_64-unknown-linux-gnu/4.8.0/../../../../lib64] ==> [/usr/local/gcc/lib64]
  collapse library dir [/lib/../lib64] ==> [/lib64]
  collapse library dir [/usr/lib/../lib64] ==> [/usr/lib64]
  collapse library dir [/usr/local/gcc/lib/gcc/x86_64-unknown-linux-gnu/4.8.0/../../..] ==> [/usr/local/gcc/lib]
  implicit libs: [c]
  implicit dirs: [/usr/local/gcc/lib/gcc/x86_64-unknown-linux-gnu/4.8.0;/usr/local/gcc/lib64;/lib64;/usr/lib64;/usr/local/gcc/lib]
  implicit fwks: []




Detecting CXX [-std=c++1y] compiler features compiled with the following output:
Change Dir: /root/Desktop/framework/CMakeFiles/CMakeTmp

Run Build Command:"/usr/bin/gmake" "cmTC_efdfe/fast"
/usr/bin/gmake -f CMakeFiles/cmTC_efdfe.dir/build.make CMakeFiles/cmTC_efdfe.dir/build
gmake[1]: Entering directory `/root/Desktop/framework/CMakeFiles/CMakeTmp'
Building CXX object CMakeFiles/cmTC_efdfe.dir/feature_tests.cxx.o
/usr/local/gcc/bin/g++     -std=c++1y -o CMakeFiles/cmTC_efdfe.dir/feature_tests.cxx.o -c /root/Desktop/framework/CMakeFiles/feature_tests.cxx
Linking CXX executable cmTC_efdfe
/usr/local/bin/cmake -E cmake_link_script CMakeFiles/cmTC_efdfe.dir/link.txt --verbose=1
/usr/local/gcc/bin/g++        CMakeFiles/cmTC_efdfe.dir/feature_tests.cxx.o  -o cmTC_efdfe -rdynamic 
gmake[1]: Leaving directory `/root/Desktop/framework/CMakeFiles/CMakeTmp'


    Feature record: CXX_FEATURE:0cxx_aggregate_default_initializers
    Feature record: CXX_FEATURE:1cxx_alias_templates
    Feature record: CXX_FEATURE:1cxx_alignas
    Feature record: CXX_FEATURE:1cxx_alignof
    Feature record: CXX_FEATURE:1cxx_attributes
    Feature record: CXX_FEATURE:0cxx_attribute_deprecated
    Feature record: CXX_FEATURE:1cxx_auto_type
    Feature record: CXX_FEATURE:0cxx_binary_literals
    Feature record: CXX_FEATURE:1cxx_constexpr
    Feature record: CXX_FEATURE:0cxx_contextual_conversions
    Feature record: CXX_FEATURE:1cxx_decltype
    Feature record: CXX_FEATURE:0cxx_decltype_auto
    Feature record: CXX_FEATURE:0cxx_decltype_incomplete_return_types
    Feature record: CXX_FEATURE:1cxx_default_function_template_args
    Feature record: CXX_FEATURE:1cxx_defaulted_functions
    Feature record: CXX_FEATURE:1cxx_defaulted_move_initializers
    Feature record: CXX_FEATURE:1cxx_delegating_constructors
    Feature record: CXX_FEATURE:1cxx_deleted_functions
    Feature record: CXX_FEATURE:0cxx_digit_separators
    Feature record: CXX_FEATURE:1cxx_enum_forward_declarations
    Feature record: CXX_FEATURE:1cxx_explicit_conversions
    Feature record: CXX_FEATURE:1cxx_extended_friend_declarations
    Feature record: CXX_FEATURE:1cxx_extern_templates
    Feature record: CXX_FEATURE:1cxx_final
    Feature record: CXX_FEATURE:1cxx_func_identifier
    Feature record: CXX_FEATURE:1cxx_generalized_initializers
    Feature record: CXX_FEATURE:0cxx_generic_lambdas
    Feature record: CXX_FEATURE:1cxx_inheriting_constructors
    Feature record: CXX_FEATURE:1cxx_inline_namespaces
    Feature record: CXX_FEATURE:1cxx_lambdas
    Feature record: CXX_FEATURE:0cxx_lambda_init_captures
    Feature record: CXX_FEATURE:1cxx_local_type_template_args
    Feature record: CXX_FEATURE:1cxx_long_long_type
    Feature record: CXX_FEATURE:1cxx_noexcept
    Feature record: CXX_FEATURE:1cxx_nonstatic_member_init
    Feature record: CXX_FEATURE:1cxx_nullptr
    Feature record: CXX_FEATURE:1cxx_override
    Feature record: CXX_FEATURE:1cxx_range_for
    Feature record: CXX_FEATURE:1cxx_raw_string_literals
    Feature record: CXX_FEATURE:0cxx_reference_qualified_functions
    Feature record: CXX_FEATURE:0cxx_relaxed_constexpr
    Feature record: CXX_FEATURE:0cxx_return_type_deduction
    Feature record: CXX_FEATURE:1cxx_right_angle_brackets
    Feature record: CXX_FEATURE:1cxx_rvalue_references
    Feature record: CXX_FEATURE:1cxx_sizeof_member
    Feature record: CXX_FEATURE:1cxx_static_assert
    Feature record: CXX_FEATURE:1cxx_strong_enums
    Feature record: CXX_FEATURE:1cxx_template_template_parameters
    Feature record: CXX_FEATURE:1cxx_thread_local
    Feature record: CXX_FEATURE:1cxx_trailing_return_types
    Feature record: CXX_FEATURE:1cxx_unicode_literals
    Feature record: CXX_FEATURE:1cxx_uniform_initialization
    Feature record: CXX_FEATURE:1cxx_unrestricted_unions
    Feature record: CXX_FEATURE:1cxx_user_literals
    Feature record: CXX_FEATURE:0cxx_variable_templates
    Feature record: CXX_FEATURE:1cxx_variadic_macros
    Feature record: CXX_FEATURE:1cxx_variadic_templates


Detecting CXX [-std=c++11] compiler features compiled with the following output:
Change Dir: /root/Desktop/framework/CMakeFiles/CMakeTmp

Run Build Command:"/usr/bin/gmake" "cmTC_4546a/fast"
/usr/bin/gmake -f CMakeFiles/cmTC_4546a.dir/build.make CMakeFiles/cmTC_4546a.dir/build
gmake[1]: Entering directory `/root/Desktop/framework/CMakeFiles/CMakeTmp'
Building CXX object CMakeFiles/cmTC_4546a.dir/feature_tests.cxx.o
/usr/local/gcc/bin/g++     -std=c++11 -o CMakeFiles/cmTC_4546a.dir/feature_tests.cxx.o -c /root/Desktop/framework/CMakeFiles/feature_tests.cxx
Linking CXX executable cmTC_4546a
/usr/local/bin/cmake -E cmake_link_script CMakeFiles/cmTC_4546a.dir/link.txt --verbose=1
/usr/local/gcc/bin/g++        CMakeFiles/cmTC_4546a.dir/feature_tests.cxx.o  -o cmTC_4546a -rdynamic 
gmake[1]: Leaving directory `/root/Desktop/framework/CMakeFiles/CMakeTmp'


    Feature record: CXX_FEATURE:0cxx_aggregate_default_initializers
    Feature record: CXX_FEATURE:1cxx_alias_templates
    Feature record: CXX_FEATURE:1cxx_alignas
    Feature record: CXX_FEATURE:1cxx_alignof
    Feature record: CXX_FEATURE:1cxx_attributes
    Feature record: CXX_FEATURE:0cxx_attribute_deprecated
    Feature record: CXX_FEATURE:1cxx_auto_type
    Feature record: CXX_FEATURE:0cxx_binary_literals
    Feature record: CXX_FEATURE:1cxx_constexpr
    Feature record: CXX_FEATURE:0cxx_contextual_conversions
    Feature record: CXX_FEATURE:1cxx_decltype
    Feature record: CXX_FEATURE:0cxx_decltype_auto
    Feature record: CXX_FEATURE:0cxx_decltype_incomplete_return_types
    Feature record: CXX_FEATURE:1cxx_default_function_template_args
    Feature record: CXX_FEATURE:1cxx_defaulted_functions
    Feature record: CXX_FEATURE:1cxx_defaulted_move_initializers
    Feature record: CXX_FEATURE:1cxx_delegating_constructors
    Feature record: CXX_FEATURE:1cxx_deleted_functions
    Feature record: CXX_FEATURE:0cxx_digit_separators
    Feature record: CXX_FEATURE:1cxx_enum_forward_declarations
    Feature record: CXX_FEATURE:1cxx_explicit_conversions
    Feature record: CXX_FEATURE:1cxx_extended_friend_declarations
    Feature record: CXX_FEATURE:1cxx_extern_templates
    Feature record: CXX_FEATURE:1cxx_final
    Feature record: CXX_FEATURE:1cxx_func_identifier
    Feature record: CXX_FEATURE:1cxx_generalized_initializers
    Feature record: CXX_FEATURE:0cxx_generic_lambdas
    Feature record: CXX_FEATURE:1cxx_inheriting_constructors
    Feature record: CXX_FEATURE:1cxx_inline_namespaces
    Feature record: CXX_FEATURE:1cxx_lambdas
    Feature record: CXX_FEATURE:0cxx_lambda_init_captures
    Feature record: CXX_FEATURE:1cxx_local_type_template_args
    Feature record: CXX_FEATURE:1cxx_long_long_type
    Feature record: CXX_FEATURE:1cxx_noexcept
    Feature record: CXX_FEATURE:1cxx_nonstatic_member_init
    Feature record: CXX_FEATURE:1cxx_nullptr
    Feature record: CXX_FEATURE:1cxx_override
    Feature record: CXX_FEATURE:1cxx_range_for
    Feature record: CXX_FEATURE:1cxx_raw_string_literals
    Feature record: CXX_FEATURE:0cxx_reference_qualified_functions
    Feature record: CXX_FEATURE:0cxx_relaxed_constexpr
    Feature record: CXX_FEATURE:0cxx_return_type_deduction
    Feature record: CXX_FEATURE:1cxx_right_angle_brackets
    Feature record: CXX_FEATURE:1cxx_rvalue_references
    Feature record: CXX_FEATURE:1cxx_sizeof_member
    Feature record: CXX_FEATURE:1cxx_static_assert
    Feature record: CXX_FEATURE:1cxx_strong_enums
    Feature record: CXX_FEATURE:1cxx_template_template_parameters
    Feature record: CXX_FEATURE:1cxx_thread_local
    Feature record: CXX_FEATURE:1cxx_trailing_return_types
    Feature record: CXX_FEATURE:1cxx_unicode_literals
    Feature record: CXX_FEATURE:1cxx_uniform_initialization
    Feature record: CXX_FEATURE:1cxx_unrestricted_unions
    Feature record: CXX_FEATURE:1cxx_user_literals
    Feature record: CXX_FEATURE:0cxx_variable_templates
    Feature record: CXX_FEATURE:1cxx_variadic_macros
    Feature record: CXX_FEATURE:1cxx_variadic_templates


Detecting CXX [-std=c++98] compiler features compiled with the following output:
Change Dir: /root/Desktop/framework/CMakeFiles/CMakeTmp

Run Build Command:"/usr/bin/gmake" "cmTC_71234/fast"
/usr/bin/gmake -f CMakeFiles/cmTC_71234.dir/build.make CMakeFiles/cmTC_71234.dir/build
gmake[1]: Entering directory `/root/Desktop/framework/CMakeFiles/CMakeTmp'
Building CXX object CMakeFiles/cmTC_71234.dir/feature_tests.cxx.o
/usr/local/gcc/bin/g++     -std=c++98 -o CMakeFiles/cmTC_71234.dir/feature_tests.cxx.o -c /root/Desktop/framework/CMakeFiles/feature_tests.cxx
Linking CXX executable cmTC_71234
/usr/local/bin/cmake -E cmake_link_script CMakeFiles/cmTC_71234.dir/link.txt --verbose=1
/usr/local/gcc/bin/g++        CMakeFiles/cmTC_71234.dir/feature_tests.cxx.o  -o cmTC_71234 -rdynamic 
gmake[1]: Leaving directory `/root/Desktop/framework/CMakeFiles/CMakeTmp'


    Feature record: CXX_FEATURE:0cxx_aggregate_default_initializers
    Feature record: CXX_FEATURE:0cxx_alias_templates
    Feature record: CXX_FEATURE:0cxx_alignas
    Feature record: CXX_FEATURE:0cxx_alignof
    Feature record: CXX_FEATURE:0cxx_attributes
    Feature record: CXX_FEATURE:0cxx_attribute_deprecated
    Feature record: CXX_FEATURE:0cxx_auto_type
    Feature record: CXX_FEATURE:0cxx_binary_literals
    Feature record: CXX_FEATURE:0cxx_constexpr
    Feature record: CXX_FEATURE:0cxx_contextual_conversions
    Feature record: CXX_FEATURE:0cxx_decltype
    Feature record: CXX_FEATURE:0cxx_decltype_auto
    Feature record: CXX_FEATURE:0cxx_decltype_incomplete_return_types
    Feature record: CXX_FEATURE:0cxx_default_function_template_args
    Feature record: CXX_FEATURE:0cxx_defaulted_functions
    Feature record: CXX_FEATURE:0cxx_defaulted_move_initializers
    Feature record: CXX_FEATURE:0cxx_delegating_constructors
    Feature record: CXX_FEATURE:0cxx_deleted_functions
    Feature record: CXX_FEATURE:0cxx_digit_separators
    Feature record: CXX_FEATURE:0cxx_enum_forward_declarations
    Feature record: CXX_FEATURE:0cxx_explicit_conversions
    Feature record: CXX_FEATURE:0cxx_extended_friend_declarations
    Feature record: CXX_FEATURE:0cxx_extern_templates
    Feature record: CXX_FEATURE:0cxx_final
    Feature record: CXX_FEATURE:0cxx_func_identifier
    Feature record: CXX_FEATURE:0cxx_generalized_initializers
    Feature record: CXX_FEATURE:0cxx_generic_lambdas
    Feature record: CXX_FEATURE:0cxx_inheriting_constructors
    Feature record: CXX_FEATURE:0cxx_inline_namespaces
    Feature record: CXX_FEATURE:0cxx_lambdas
    Feature record: CXX_FEATURE:0cxx_lambda_init_captures
    Feature record: CXX_FEATURE:0cxx_local_type_template_args
    Feature record: CXX_FEATURE:0cxx_long_long_type
    Feature record: CXX_FEATURE:0cxx_noexcept
    Feature record: CXX_FEATURE:0cxx_nonstatic_member_init
    Feature record: CXX_FEATURE:0cxx_nullptr
    Feature record: CXX_FEATURE:0cxx_override
    Feature record: CXX_FEATURE:0cxx_range_for
    Feature record: CXX_FEATURE:0cxx_raw_string_literals
    Feature record: CXX_FEATURE:0cxx_reference_qualified_functions
    Feature record: CXX_FEATURE:0cxx_relaxed_constexpr
    Feature record: CXX_FEATURE:0cxx_return_type_deduction
    Feature record: CXX_FEATURE:0cxx_right_angle_brackets
    Feature record: CXX_FEATURE:0cxx_rvalue_references
    Feature record: CXX_FEATURE:0cxx_sizeof_member
    Feature record: CXX_FEATURE:0cxx_static_assert
    Feature record: CXX_FEATURE:0cxx_strong_enums
    Feature record: CXX_FEATURE:1cxx_template_template_parameters
    Feature record: CXX_FEATURE:0cxx_thread_local
    Feature record: CXX_FEATURE:0cxx_trailing_return_types
    Feature record: CXX_FEATURE:0cxx_unicode_literals
    Feature record: CXX_FEATURE:0cxx_uniform_initialization
    Feature record: CXX_FEATURE:0cxx_unrestricted_unions
    Feature record: CXX_FEATURE:0cxx_user_literals
    Feature record: CXX_FEATURE:0cxx_variable_templates
    Feature record: CXX_FEATURE:0cxx_variadic_macros
    Feature record: CXX_FEATURE:0cxx_variadic_templates
