main.cpp|62|2018-09-26T10:09:47.9167303|[IN][0][18367]|Value from list 99
main.cpp|62|2018-09-26T10:09:47.9168429|[IN][0][18367]|Value from list 98
main.cpp|62|2018-09-26T10:09:47.9168552|[IN][0][18367]|Value from list 97
main.cpp|62|2018-09-26T10:09:47.9168635|[IN][0][18367]|Value from list 96
main.cpp|62|2018-09-26T10:09:47.9168714|[IN][0][18367]|Value from list 95
main.cpp|62|2018-09-26T10:09:47.9168789|[IN][0][18367]|Value from list 94
main.cpp|62|2018-09-26T10:09:47.9168862|[IN][0][18367]|Value from list 93
main.cpp|62|2018-09-26T10:09:47.9168937|[IN][0][18367]|Value from list 92
main.cpp|62|2018-09-26T10:09:47.9169010|[IN][0][18367]|Value from list 91
main.cpp|62|2018-09-26T10:09:47.9169082|[IN][0][18367]|Value from list 90
main.cpp|62|2018-09-26T10:09:47.9169155|[IN][0][18367]|Value from list 89
main.cpp|62|2018-09-26T10:09:47.9169228|[IN][0][18367]|Value from list 88
main.cpp|62|2018-09-26T10:09:47.9169300|[IN][0][18367]|Value from list 87
main.cpp|62|2018-09-26T10:09:47.9169373|[IN][0][18367]|Value from list 86
main.cpp|62|2018-09-26T10:09:47.9169451|[IN][0][18367]|Value from list 85
main.cpp|62|2018-09-26T10:09:47.9169524|[IN][0][18367]|Value from list 84
main.cpp|62|2018-09-26T10:09:47.9169596|[IN][0][18367]|Value from list 83
main.cpp|62|2018-09-26T10:09:47.9169669|[IN][0][18367]|Value from list 82
main.cpp|62|2018-09-26T10:09:47.9169742|[IN][0][18367]|Value from list 81
main.cpp|62|2018-09-26T10:09:47.9169814|[IN][0][18367]|Value from list 80
main.cpp|62|2018-09-26T10:09:47.9169887|[IN][0][18367]|Value from list 79
main.cpp|62|2018-09-26T10:09:47.9169962|[IN][0][18367]|Value from list 78
main.cpp|62|2018-09-26T10:09:47.9170032|[IN][0][18367]|Value from list 77
main.cpp|62|2018-09-26T10:09:47.9170105|[IN][0][18367]|Value from list 76
main.cpp|62|2018-09-26T10:09:47.9170166|[IN][0][18367]|Value from list 75
main.cpp|62|2018-09-26T10:09:47.9170384|[IN][0][18367]|Value from list 74
main.cpp|62|2018-09-26T10:09:47.9170468|[IN][0][18367]|Value from list 73
main.cpp|62|2018-09-26T10:09:47.9170546|[IN][0][18367]|Value from list 72
main.cpp|62|2018-09-26T10:09:47.9170624|[IN][0][18367]|Value from list 71
main.cpp|62|2018-09-26T10:09:47.9170697|[IN][0][18367]|Value from list 70
main.cpp|62|2018-09-26T10:09:47.9170772|[IN][0][18367]|Value from list 69
main.cpp|62|2018-09-26T10:09:47.9170848|[IN][0][18367]|Value from list 68
main.cpp|62|2018-09-26T10:09:47.9170923|[IN][0][18367]|Value from list 67
main.cpp|62|2018-09-26T10:09:47.9170999|[IN][0][18367]|Value from list 66
main.cpp|62|2018-09-26T10:09:47.9171071|[IN][0][18367]|Value from list 65
main.cpp|62|2018-09-26T10:09:47.9171147|[IN][0][18367]|Value from list 64
main.cpp|62|2018-09-26T10:09:47.9171225|[IN][0][18367]|Value from list 63
main.cpp|62|2018-09-26T10:09:47.9171300|[IN][0][18367]|Value from list 62
main.cpp|62|2018-09-26T10:09:47.9171733|[IN][0][18367]|Value from list 61
main.cpp|62|2018-09-26T10:09:47.9171957|[IN][0][18367]|Value from list 60
main.cpp|62|2018-09-26T10:09:47.9172049|[IN][0][18367]|Value from list 59
main.cpp|62|2018-09-26T10:09:47.9172130|[IN][0][18367]|Value from list 58
main.cpp|62|2018-09-26T10:09:47.9172208|[IN][0][18367]|Value from list 57
main.cpp|62|2018-09-26T10:09:47.9172284|[IN][0][18367]|Value from list 56
main.cpp|62|2018-09-26T10:09:47.9172359|[IN][0][18367]|Value from list 55
main.cpp|62|2018-09-26T10:09:47.9172435|[IN][0][18367]|Value from list 54
main.cpp|62|2018-09-26T10:09:47.9172510|[IN][0][18367]|Value from list 53
main.cpp|62|2018-09-26T10:09:47.9172675|[IN][0][18367]|Value from list 52
main.cpp|62|2018-09-26T10:09:47.9172798|[IN][0][18367]|Value from list 51
main.cpp|62|2018-09-26T10:09:47.9172873|[IN][0][18367]|Value from list 50
main.cpp|62|2018-09-26T10:09:47.9172949|[IN][0][18367]|Value from list 49
main.cpp|62|2018-09-26T10:09:47.9173027|[IN][0][18367]|Value from list 48
main.cpp|62|2018-09-26T10:09:47.9173128|[IN][0][18367]|Value from list 47
main.cpp|62|2018-09-26T10:09:47.9173217|[IN][0][18367]|Value from list 46
main.cpp|62|2018-09-26T10:09:47.9173298|[IN][0][18367]|Value from list 45
main.cpp|62|2018-09-26T10:09:47.9173385|[IN][0][18367]|Value from list 44
main.cpp|62|2018-09-26T10:09:47.9173502|[IN][0][18367]|Value from list 43
main.cpp|62|2018-09-26T10:09:47.9174393|[IN][0][18367]|Value from list 42
main.cpp|62|2018-09-26T10:09:47.9174583|[IN][0][18367]|Value from list 41
main.cpp|62|2018-09-26T10:09:47.9174667|[IN][0][18367]|Value from list 40
main.cpp|62|2018-09-26T10:09:47.9174745|[IN][0][18367]|Value from list 39
main.cpp|62|2018-09-26T10:09:47.9174820|[IN][0][18367]|Value from list 38
main.cpp|62|2018-09-26T10:09:47.9174899|[IN][0][18367]|Value from list 37
main.cpp|62|2018-09-26T10:09:47.9174977|[IN][0][18367]|Value from list 36
main.cpp|62|2018-09-26T10:09:47.9175052|[IN][0][18367]|Value from list 35
main.cpp|62|2018-09-26T10:09:47.9175128|[IN][0][18367]|Value from list 34
main.cpp|62|2018-09-26T10:09:47.9175206|[IN][0][18367]|Value from list 33
main.cpp|62|2018-09-26T10:09:47.9175745|[IN][0][18367]|Value from list 32
main.cpp|62|2018-09-26T10:09:47.9175904|[IN][0][18367]|Value from list 31
main.cpp|62|2018-09-26T10:09:47.9175997|[IN][0][18367]|Value from list 30
main.cpp|62|2018-09-26T10:09:47.9176078|[IN][0][18367]|Value from list 29
main.cpp|62|2018-09-26T10:09:47.9176153|[IN][0][18367]|Value from list 28
main.cpp|62|2018-09-26T10:09:47.9176228|[IN][0][18367]|Value from list 27
main.cpp|62|2018-09-26T10:09:47.9176309|[IN][0][18367]|Value from list 26
main.cpp|62|2018-09-26T10:09:47.9176388|[IN][0][18367]|Value from list 25
main.cpp|62|2018-09-26T10:09:47.9176466|[IN][0][18367]|Value from list 24
main.cpp|62|2018-09-26T10:09:47.9176547|[IN][0][18367]|Value from list 23
main.cpp|62|2018-09-26T10:09:47.9176622|[IN][0][18367]|Value from list 22
main.cpp|62|2018-09-26T10:09:47.9176698|[IN][0][18367]|Value from list 21
main.cpp|62|2018-09-26T10:09:47.9176776|[IN][0][18367]|Value from list 20
main.cpp|62|2018-09-26T10:09:47.9176851|[IN][0][18367]|Value from list 19
main.cpp|62|2018-09-26T10:09:47.9176927|[IN][0][18367]|Value from list 18
main.cpp|62|2018-09-26T10:09:47.9177002|[IN][0][18367]|Value from list 17
main.cpp|62|2018-09-26T10:09:47.9177081|[IN][0][18367]|Value from list 16
main.cpp|62|2018-09-26T10:09:47.9177159|[IN][0][18367]|Value from list 15
main.cpp|62|2018-09-26T10:09:47.9177907|[IN][0][18367]|Value from list 14
main.cpp|62|2018-09-26T10:09:47.9177988|[IN][0][18367]|Value from list 13
main.cpp|62|2018-09-26T10:09:47.9178067|[IN][0][18367]|Value from list 12
main.cpp|62|2018-09-26T10:09:47.9178145|[IN][0][18367]|Value from list 11
main.cpp|62|2018-09-26T10:09:47.9178237|[IN][0][18367]|Value from list 10
main.cpp|62|2018-09-26T10:09:47.9178315|[IN][0][18367]|Value from list 9
main.cpp|62|2018-09-26T10:09:47.9178396|[IN][0][18367]|Value from list 8
main.cpp|62|2018-09-26T10:09:47.9178475|[IN][0][18367]|Value from list 7
main.cpp|62|2018-09-26T10:09:47.9178550|[IN][0][18367]|Value from list 6
main.cpp|62|2018-09-26T10:09:47.9178631|[IN][0][18367]|Value from list 5
main.cpp|62|2018-09-26T10:09:47.9178706|[IN][0][18367]|Value from list 4
main.cpp|62|2018-09-26T10:09:47.9179114|[IN][0][18367]|Value from list 3
main.cpp|62|2018-09-26T10:09:47.9179410|[IN][0][18367]|Value from list 2
main.cpp|62|2018-09-26T10:09:47.9179491|[IN][0][18367]|Value from list 1
main.cpp|62|2018-09-26T10:09:47.9179567|[IN][0][18367]|Value from list 0
Application.cpp|14|2018-09-26T10:09:47.9179757|[VB][0x14dc040][18367]|Application::~Application>>>
Application.cpp|63|2018-09-26T10:09:47.9179891|[VB][0x14dc040][18367]|Application::Shutdown>>>
Application.cpp|75|2018-09-26T10:09:47.9180005|[VB][0x14dc040][18367]|Application::Shutdown<<<
Application.cpp|16|2018-09-26T10:09:47.9180098|[VB][0x14dc040][18367]|Application::~Application<<<
